Hash struct val = 812afa862462a13a
Hash buffer val = 9ace4aed7ef39dd3
Entered stack_push
Increasing memory!!!
Finished checking
Quit stack_push
Entered stack_push
Finished checking
Quit stack_push
Entered stack_push
Increasing memory!!!
Finished checking
Quit stack_push
Entered stack_push
Finished checking
Quit stack_push
Entered stack_push
Increasing memory!!!
Finished checking
Quit stack_push
Entered stack_push
Finished checking
Quit stack_push
Entered stack_push
Finished checking
Quit stack_push
Entered stack_push
Finished checking
Quit stack_push
Entered stack_push
Increasing memory!!!
Finished checking
Quit stack_push
Entered stack_push
Finished checking
Quit stack_push
Entered stack_pop
Quit stack_pop
Entered stack_pop
Quit stack_pop
Entered stack_pop
Quit stack_pop
Entered stack_pop
Quit stack_pop
Entered stack_pop
Quit stack_pop
Entered stack_pop
Decreasing memory :( ):
Quit stack_pop
Entered stack_pop
Quit stack_pop
Entered stack_pop
Quit stack_pop
Entered stack_pop
Decreasing memory :( ):
Quit stack_pop
Entered stack_pop
Decreasing memory :( ):
Quit stack_pop
89 (75bcd15)
}
data canary #2 = 6030deadbaf6
Canary #2 = 7ffc1a04080e
[-----------------END STACK_DUMP-----------------]


[----------------BEGIN STACK_DUMP----------------]
Stack_t[0x7ffcc4a9b2b0] "my_stack" born at src/my_stack.cpp:348 function:[unit_test_stack()] called from src/my_stack.cpp:359 function:[unit_test_stack()]
Canary #1 = 7ffc1a04080e
Stack capacity: 2
Stack size    : 1

CalcSt hash = da114f6a7a61880
Struct hash = da114f6a7a61880

Stack->data [0x603000000048]
CalcBu hash = 8a77ba489599da38
Buffer hash = 8a77ba489599da38

data canary #1 = 6030deadbaf6
{
   *[i] = 0 elem =  1 (1)
    [i] = 1 elem =  123456789 (75bcd15)
}
data canary #2 = 6030deadbaf6
Canary #2 = 7ffc1a04080e
[-----------------END STACK_DUMP-----------------]


[----------------BEGIN STACK_DUMP----------------]
Stack_t[0x7ffcc4a9b2b0] "my_stack" born at src/my_stack.cpp:348 function:[unit_test_stack()] called from src/my_stack.cpp:359 function:[unit_test_stack()]
Canary #1 = 7ffc1a04080e
Stack capacity: 2
Stack size    : 2

CalcSt hash = 242571ca1811767
Struct hash = 242571ca1811767

Stack->data [0x603000000048]
CalcBu hash = 63b9e799f9752936
Buffer hash = 63b9e799f9752936

data canary #1 = 6030deadbaf6
{
   *[i] = 0 elem =  1 (1)
   *[i] = 1 elem =  2 (2)
}
data canary #2 = 6030deadbaf6
Canary #2 = 7ffc1a04080e
[-----------------END STACK_DUMP-----------------]


[----------------BEGIN STACK_DUMP----------------]
Stack_t[0x7ffcc4a9b2b0] "my_stack" born at src/my_stack.cpp:348 function:[unit_test_stack()] called from src/my_stack.cpp:190 function:[stack_realloc()]
Canary #1 = 7ffc1a04080e
Stack capacity: 4
Stack size    : 2

CalcSt hash = 89e45f8e5d9f6567
Struct hash = 89e45f8e5d9f6567

Stack->data [0x604000000018]
CalcBu hash = 9169840e0d949c3e
Buffer hash = 9169840e0d949c3e

data canary #1 = 6040deadbaa6
{
   *[i] = 0 elem =  1 (1)
   *[i] = 1 elem =  2 (2)
    [i] = 2 elem =  123456789 (75bcd15)
    [i] = 3 elem =  123456789 (75bcd15)
}
data canary #2 = 6040deadbaa6
Canary #2 = 7ffc1a04080e
[-----------------END STACK_DUMP-----------------]


[----------------BEGIN STACK_DUMP----------------]
Stack_t[0x7ffcc4a9b2b0] "my_stack" born at src/my_stack.cpp:348 function:[unit_test_stack()] called from src/my_stack.cpp:359 function:[unit_test_stack()]
Canary #1 = 7ffc1a04080e
Stack capacity: 4
Stack size    : 3

CalcSt hash = 7e85a0601c38d1e7
Struct hash = 7e85a0601c38d1e7

Stack->data [0x604000000018]
CalcBu hash = 14209db0693f801d
Buffer hash = 14209db0693f801d

data canary #1 = 6040deadbaa6
{
   *[i] = 0 elem =  1 (1)
   *[i] = 1 elem =  2 (2)
   *[i] = 2 elem =  3 (3)
    [i] = 3 elem =  123456789 (75bcd15)
}
data canary #2 = 6040deadbaa6
Canary #2 = 7ffc1a04080e
[-----------------END STACK_DUMP-----------------]


[----------------BEGIN STACK_DUMP----------------]
Stack_t[0x7ffcc4a9b2b0] "my_stack" born at src/my_stack.cpp:348 function:[unit_test_stack()] called from src/my_stack.cpp:359 function:[unit_test_stack()]
Canary #1 = 7ffc1a04080e
Stack capacity: 4
Stack size    : 4

CalcSt hash = 7326e031a89f544d
Struct hash = 7326e031a89f544d

Stack->data [0x604000000018]
CalcBu hash = 8551ed27e5851add
Buffer hash = 8551ed27e5851add

data canary #1 = 6040deadbaa6
{
   *[i] = 0 elem =  1 (1)
   *[i] = 1 elem =  2 (2)
   *[i] = 2 elem =  3 (3)
   *[i] = 3 elem =  4 (4)
}
data canary #2 = 6040deadbaa6
Canary #2 = 7ffc1a04080e
[-----------------END STACK_DUMP-----------------]


[----------------BEGIN STACK_DUMP----------------]
Stack_t[0x7ffcc4a9b2b0] "my_stack" born at src/my_stack.cpp:348 function:[unit_test_stack()] called from src/my_stack.cpp:190 function:[stack_realloc()]
Canary #1 = 7ffc1a04080e
Stack capacity: 8
Stack size    : 4

CalcSt hash = 221226099c3dd952
Struct hash = 221226099c3dd952

Stack->data [0x607000000108]
CalcBu hash = 3cf049b3767e20ef
Buffer hash = 3cf049b3767e20ef

data canary #1 = 6070deadbbb6
{
   *[i] = 0 elem =  1 (1)
   *[i] = 1 elem =  2 (2)
   *[i] = 2 elem =  3 (3)
   *[i] = 3 elem =  4 (4)
    [i] = 4 elem =  123456789 (75bcd15)
    [i] = 5 elem =  123456789 (75bcd15)
    [i] = 6 elem =  123456789 (75bcd15)
    [i] = 7 elem =  123456789 (75bcd15)
}
data canary #2 = 6070deadbbb6
Canary #2 = 7ffc1a04080e
[-----------------END STACK_DUMP-----------------]


[----------------BEGIN STACK_DUMP----------------]
Stack_t[0x7ffcc4a9b2b0] "my_stack" born at src/my_stack.cpp:348 function:[unit_test_stack()] called from src/my_stack.cpp:359 function:[unit_test_stack()]
Canary #1 = 7ffc1a04080e
Stack capacity: 8
Stack size    : 5

CalcSt hash = 16b3647510eebaac
Struct hash = 16b3647510eebaac

Stack->data [0x607000000108]
CalcBu hash = f23c7c4b06851490
Buffer hash = f23c7c4b06851490

data canary #1 = 6070deadbbb6
{
   *[i] = 0 elem =  1 (1)
   *[i] = 1 elem =  2 (2)
   *[i] = 2 elem =  3 (3)
   *[i] = 3 elem =  4 (4)
   *[i] = 4 elem =  5 (5)
    [i] = 5 elem =  123456789 (75bcd15)
    [i] = 6 elem =  123456789 (75bcd15)
    [i] = 7 elem =  123456789 (75bcd15)
}
data canary #2 = 6070deadbbb6
Canary #2 = 7ffc1a04080e
[-----------------END STACK_DUMP-----------------]


[----------------BEGIN STACK_DUMP----------------]
Stack_t[0x7ffcc4a9b2b0] "my_stack" born at src/my_stack.cpp:348 function:[unit_test_stack()] called from src/my_stack.cpp:359 function:[unit_test_stack()]
Canary #1 = 7ffc1a04080e
Stack capacity: 8
Stack size    : 6

CalcSt hash = b54ab866b51a794
Struct hash = b54ab866b51a794

Stack->data [0x607000000108]
CalcBu hash = 8b3cbea46ce5bf12
Buffer hash = 8b3cbea46ce5bf12

data canary #1 = 6070deadbbb6
{
   *[i] = 0 elem =  1 (1)
   *[i] = 1 elem =  2 (2)
   *[i] = 2 elem =  3 (3)
   *[i] = 3 elem =  4 (4)
   *[i] = 4 elem =  5 (5)
   *[i] = 5 elem =  6 (6)
    [i] = 6 elem =  123456789 (75bcd15)
    [i] = 7 elem =  123456789 (75bcd15)
}
data canary #2 = 6070deadbbb6
Canary #2 = 7ffc1a04080e
[-----------------END STACK_DUMP-----------------]


[----------------BEGIN STACK_DUMP----------------]
Stack_t[0x7ffcc4a9b2b0] "my_stack" born at src/my_stack.cpp:348 function:[unit_test_stack()] called from src/my_stack.cpp:359 function:[unit_test_stack()]
Canary #1 = 7ffc1a04080e
Stack capacity: 8
Stack size    : 7

CalcSt hash = fff5f1b6f6bf0e79
Struct hash = fff5f1b6f6bf0e79

Stack->data [0x607000000108]
CalcBu hash = 548d435e04367e75
Buffer hash = 548d435e04367e75

data canary #1 = 6070deadbbb6
{
   *[i] = 0 elem =  1 (1)
   *[i] = 1 elem =  2 (2)
   *[i] = 2 elem =  3 (3)
   *[i] = 3 elem =  4 (4)
   *[i] = 4 elem =  5 (5)
   *[i] = 5 elem =  6 (6)
   *[i] = 6 elem =  7 (7)
    [i] = 7 elem =  123456789 (75bcd15)
}
data canary #2 = 6070deadbbb6
Canary #2 = 7ffc1a04080e
[-----------------END STACK_DUMP-----------------]


[----------------BEGIN STACK_DUMP----------------]
Stack_t[0x7ffcc4a9b2b0] "my_stack" born at src/my_stack.cpp:348 function:[unit_test_stack()] called from src/my_stack.cpp:359 function:[unit_test_stack()]
Canary #1 = 7ffc1a04080e
Stack capacity: 8
Stack size    : 8

CalcSt hash = f4972c4fc4f3825e
Struct hash = f4972c4fc4f3825e

Stack->data [0x607000000108]
CalcBu hash = f59cd721b150b0b9
Buffer hash = f59cd721b150b0b9

data canary #1 = 6070deadbbb6
{
   *[i] = 0 elem =  1 (1)
   *[i] = 1 elem =  2 (2)
   *[i] = 2 elem =  3 (3)
   *[i] = 3 elem =  4 (4)
   *[i] = 4 elem =  5 (5)
   *[i] = 5 elem =  6 (6)
   *[i] = 6 elem =  7 (7)
   *[i] = 7 elem =  8 (8)
}
data canary #2 = 6070deadbbb6
Canary #2 = 7ffc1a04080e
[-----------------END STACK_DUMP-----------------]


[----------------BEGIN STACK_DUMP----------------]
Stack_t[0x7ffcc4a9b2b0] "my_stack" born at src/my_stack.cpp:348 function:[unit_test_stack()] called from src/my_stack.cpp:190 function:[stack_realloc()]
Canary #1 = 7ffc1a04080e
Stack capacity: 16
Stack size    : 8

CalcSt hash = 491c6bd8bf785723
Struct hash = 491c6bd8bf785723

Stack->data [0x60d000000048]
CalcBu hash = a37b0a0b2834cb97
Buffer hash = a37b0a0b2834cb97

data canary #1 = 60d0deadbaf6
{
   *[i] = 0 elem =  1 (1)
   *[i] = 1 elem =  2 (2)
   *[i] = 2 elem =  3 (3)
   *[i] = 3 elem =  4 (4)
   *[i] = 4 elem =  5 (5)
   *[i] = 5 elem =  6 (6)
   *[i] = 6 elem =  7 (7)
   *[i] = 7 elem =  8 (8)
    [i] = 8 elem =  123456789 (75bcd15)
    [i] = 9 elem =  123456789 (75bcd15)
    [i] = 10 elem =  123456789 (75bcd15)
    [i] = 11 elem =  123456789 (75bcd15)
    [i] = 12 elem =  123456789 (75bcd15)
    [i] = 13 elem =  123456789 (75bcd15)
    [i] = 14 elem =  123456789 (75bcd15)
    [i] = 15 elem =  123456789 (75bcd15)
}
data canary #2 = 60d0deadbaf6
Canary #2 = 7ffc1a04080e
[-----------------END STACK_DUMP-----------------]


[----------------BEGIN STACK_DUMP----------------]
Stack_t[0x7ffcc4a9b2b0] "my_stack" born at src/my_stack.cpp:348 function:[unit_test_stack()] called from src/my_stack.cpp:359 function:[unit_test_stack()]
Canary #1 = 7ffc1a04080e
Stack capacity: 16
Stack size    : 9

CalcSt hash = 3dbdaf9b642bebd0
Struct hash = 3dbdaf9b642bebd0

Stack->data [0x60d000000048]
CalcBu hash = 3f3ba45bd73b76bc
Buffer hash = 3f3ba45bd73b76bc

data canary #1 = 60d0deadbaf6
{
   *[i] = 0 elem =  1 (1)
   *[i] = 1 elem =  2 (2)
   *[i] = 2 elem =  3 (3)
   *[i] = 3 elem =  4 (4)
   *[i] = 4 elem =  5 (5)
   *[i] = 5 elem =  6 (6)
   *[i] = 6 elem =  7 (7)
   *[i] = 7 elem =  8 (8)
   *[i] = 8 elem =  9 (9)
    [i] = 9 elem =  123456789 (75bcd15)
    [i] = 10 elem =  123456789 (75bcd15)
    [i] = 11 elem =  123456789 (75bcd15)
    [i] = 12 elem =  123456789 (75bcd15)
    [i] = 13 elem =  123456789 (75bcd15)
    [i] = 14 elem =  123456789 (75bcd15)
    [i] = 15 elem =  123456789 (75bcd15)
}
data canary #2 = 60d0deadbaf6
Canary #2 = 7ffc1a04080e
[-----------------END STACK_DUMP-----------------]


[----------------BEGIN STACK_DUMP----------------]
Stack_t[0x7ffcc4a9b2b0] "my_stack" born at src/my_stack.cpp:348 function:[unit_test_stack()] called from src/my_stack.cpp:359 function:[unit_test_stack()]
Canary #1 = 7ffc1a04080e
Stack capacity: 16
Stack size    : 10

CalcSt hash = 325ef1c70a1349b8
Struct hash = 325ef1c70a1349b8

Stack->data [0x60d000000048]
CalcBu hash = b6694acde70dd8c2
Buffer hash = b6694acde70dd8c2

data canary #1 = 60d0deadbaf6
{
   *[i] = 0 elem =  1 (1)
   *[i] = 1 elem =  2 (2)
   *[i] = 2 elem =  3 (3)
   *[i] = 3 elem =  4 (4)
   *[i] = 4 elem =  5 (5)
   *[i] = 5 elem =  6 (6)
   *[i] = 6 elem =  7 (7)
   *[i] = 7 elem =  8 (8)
   *[i] = 8 elem =  9 (9)
   *[i] = 9 elem =  10 (a)
    [i] = 10 elem =  123456789 (75bcd15)
    [i] = 11 elem =  123456789 (75bcd15)
    [i] = 12 elem =  123456789 (75bcd15)
    [i] = 13 elem =  123456789 (75bcd15)
    [i] = 14 elem =  123456789 (75bcd15)
    [i] = 15 elem =  123456789 (75bcd15)
}
data canary #2 = 60d0deadbaf6
Canary #2 = 7ffc1a04080e
[-----------------END STACK_DUMP-----------------]


[----------------BEGIN STACK_DUMP----------------]
Stack_t[0x7ffcc4a9b2b0] "my_stack" born at src/my_stack.cpp:348 function:[unit_test_stack()] called from src/my_stack.cpp:366 function:[unit_test_stack()]
Canary #1 = 7ffc1a04080e
Stack capacity: 16
Stack size    : 9

CalcSt hash = 3dbdaf9b642bebd0
Struct hash = 3dbdaf9b642bebd0

Stack->data [0x60d000000048]
CalcBu hash = 3f3ba45bd73b76bc
Buffer hash = 3f3ba45bd73b76bc

data canary #1 = 60d0deadbaf6
{
   *[i] = 0 elem =  1 (1)
   *[i] = 1 elem =  2 (2)
   *[i] = 2 elem =  3 (3)
   *[i] = 3 elem =  4 (4)
   *[i] = 4 elem =  5 (5)
   *[i] = 5 elem =  6 (6)
   *[i] = 6 elem =  7 (7)
   *[i] = 7 elem =  8 (8)
   *[i] = 8 elem =  9 (9)
    [i] = 9 elem =  123456789 (75bcd15)
    [i] = 10 elem =  123456789 (75bcd15)
    [i] = 11 elem =  123456789 (75bcd15)
    [i] = 12 elem =  123456789 (75bcd15)
    [i] = 13 elem =  123456789 (75bcd15)
    [i] = 14 elem =  123456789 (75bcd15)
    [i] = 15 elem =  123456789 (75bcd15)
}
data canary #2 = 60d0deadbaf6
Canary #2 = 7ffc1a04080e
[-----------------END STACK_DUMP-----------------]


[----------------BEGIN STACK_DUMP----------------]
Stack_t[0x7ffcc4a9b2b0] "my_stack" born at src/my_stack.cpp:348 function:[unit_test_stack()] called from src/my_stack.cpp:366 function:[unit_test_stack()]
Canary #1 = 7ffc1a04080e
Stack capacity: 16
Stack size    : 8

CalcSt hash = 491c6bd8bf785723
Struct hash = 491c6bd8bf785723

Stack->data [0x60d000000048]
CalcBu hash = a37b0a0b2834cb97
Buffer hash = a37b0a0b2834cb97

data canary #1 = 60d0deadbaf6
{
   *[i] = 0 elem =  1 (1)
   *[i] = 1 elem =  2 (2)
   *[i] = 2 elem =  3 (3)
   *[i] = 3 elem =  4 (4)
   *[i] = 4 elem =  5 (5)
   *[i] = 5 elem =  6 (6)
   *[i] = 6 elem =  7 (7)
   *[i] = 7 elem =  8 (8)
    [i] = 8 elem =  123456789 (75bcd15)
    [i] = 9 elem =  123456789 (75bcd15)
    [i] = 10 elem =  123456789 (75bcd15)
    [i] = 11 elem =  123456789 (75bcd15)
    [i] = 12 elem =  123456789 (75bcd15)
    [i] = 13 elem =  123456789 (75bcd15)
    [i] = 14 elem =  123456789 (75bcd15)
    [i] = 15 elem =  123456789 (75bcd15)
}
data canary #2 = 60d0deadbaf6
Canary #2 = 7ffc1a04080e
[-----------------END STACK_DUMP-----------------]


[----------------BEGIN STACK_DUMP----------------]
Stack_t[0x7ffcc4a9b2b0] "my_stack" born at src/my_stack.cpp:348 function:[unit_test_stack()] called from src/my_stack.cpp:366 function:[unit_test_stack()]
Canary #1 = 7ffc1a04080e
Stack capacity: 16
Stack size    : 7

CalcSt hash = 547b313541b60053
Struct hash = 547b313541b60053

Stack->data [0x60d000000048]
CalcBu hash = c516232ee0aa7953
Buffer hash = c516232ee0aa7953

data canary #1 = 60d0deadbaf6
{
   *[i] = 0 elem =  1 (1)
   *[i] = 1 elem =  2 (2)
   *[i] = 2 elem =  3 (3)
   *[i] = 3 elem =  4 (4)
   *[i] = 4 elem =  5 (5)
   *[i] = 5 elem =  6 (6)
   *[i] = 6 elem =  7 (7)
    [i] = 7 elem =  123456789 (75bcd15)
    [i] = 8 elem =  123456789 (75bcd15)
    [i] = 9 elem =  123456789 (75bcd15)
    [i] = 10 elem =  123456789 (75bcd15)
    [i] = 11 elem =  123456789 (75bcd15)
    [i] = 12 elem =  123456789 (75bcd15)
    [i] = 13 elem =  123456789 (75bcd15)
    [i] = 14 elem =  123456789 (75bcd15)
    [i] = 15 elem =  123456789 (75bcd15)
}
data canary #2 = 60d0deadbaf6
Canary #2 = 7ffc1a04080e
[-----------------END STACK_DUMP-----------------]


[----------------BEGIN STACK_DUMP----------------]
Stack_t[0x7ffcc4a9b2b0] "my_stack" born at src/my_stack.cpp:348 function:[unit_test_stack()] called from src/my_stack.cpp:366 function:[unit_test_stack()]
Canary #1 = 7ffc1a04080e
Stack capacity: 16
Stack size    : 6

CalcSt hash = 5fd9eb2423b5354f
Struct hash = 5fd9eb2423b5354f

Stack->data [0x60d000000048]
CalcBu hash = 507476e3a19021f0
Buffer hash = 507476e3a19021f0

data canary #1 = 60d0deadbaf6
{
   *[i] = 0 elem =  1 (1)
   *[i] = 1 elem =  2 (2)
   *[i] = 2 elem =  3 (3)
   *[i] = 3 elem =  4 (4)
   *[i] = 4 elem =  5 (5)
   *[i] = 5 elem =  6 (6)
    [i] = 6 elem =  123456789 (75bcd15)
    [i] = 7 elem =  123456789 (75bcd15)
    [i] = 8 elem =  123456789 (75bcd15)
    [i] = 9 elem =  123456789 (75bcd15)
    [i] = 10 elem =  123456789 (75bcd15)
    [i] = 11 elem =  123456789 (75bcd15)
    [i] = 12 elem =  123456789 (75bcd15)
    [i] = 13 elem =  123456789 (75bcd15)
    [i] = 14 elem =  123456789 (75bcd15)
    [i] = 15 elem =  123456789 (75bcd15)
}
data canary #2 = 60d0deadbaf6
Canary #2 = 7ffc1a04080e
[-----------------END STACK_DUMP-----------------]


[----------------BEGIN STACK_DUMP----------------]
Stack_t[0x7ffcc4a9b2b0] "my_stack" born at src/my_stack.cpp:348 function:[unit_test_stack()] called from src/my_stack.cpp:366 function:[unit_test_stack()]
Canary #1 = 7ffc1a04080e
Stack capacity: 16
Stack size    : 5

CalcSt hash = 6b38adfcc41453f9
Struct hash = 6b38adfcc41453f9

Stack->data [0x60d000000048]
CalcBu hash = 4b8628f66a1c676e
Buffer hash = 4b8628f66a1c676e

data canary #1 = 60d0deadbaf6
{
   *[i] = 0 elem =  1 (1)
   *[i] = 1 elem =  2 (2)
   *[i] = 2 elem =  3 (3)
   *[i] = 3 elem =  4 (4)
   *[i] = 4 elem =  5 (5)
    [i] = 5 elem =  123456789 (75bcd15)
    [i] = 6 elem =  123456789 (75bcd15)
    [i] = 7 elem =  123456789 (75bcd15)
    [i] = 8 elem =  123456789 (75bcd15)
    [i] = 9 elem =  123456789 (75bcd15)
    [i] = 10 elem =  123456789 (75bcd15)
    [i] = 11 elem =  123456789 (75bcd15)
    [i] = 12 elem =  123456789 (75bcd15)
    [i] = 13 elem =  123456789 (75bcd15)
    [i] = 14 elem =  123456789 (75bcd15)
    [i] = 15 elem =  123456789 (75bcd15)
}
data canary #2 = 60d0deadbaf6
Canary #2 = 7ffc1a04080e
[-----------------END STACK_DUMP-----------------]


[----------------BEGIN STACK_DUMP----------------]
Stack_t[0x7ffcc4a9b2b0] "my_stack" born at src/my_stack.cpp:348 function:[unit_test_stack()] called from src/my_stack.cpp:190 function:[stack_realloc()]
Canary #1 = 7ffc1a04080e
Stack capacity: 4
Stack size    : 4

CalcSt hash = d348c26ab59b1c3f
Struct hash = d348c26ab59b1c3f

Stack->data [0x604000000058]
CalcBu hash = ff14bed75914cb5d
Buffer hash = ff14bed75914cb5d

data canary #1 = 6040deadbae6
{
   *[i] = 0 elem =  1 (1)
   *[i] = 1 elem =  2 (2)
   *[i] = 2 elem =  3 (3)
   *[i] = 3 elem =  4 (4)
}
data canary #2 = 6040deadbae6
Canary #2 = 7ffc1a04080e
[-----------------END STACK_DUMP-----------------]


[----------------BEGIN STACK_DUMP----------------]
Stack_t[0x7ffcc4a9b2b0] "my_stack" born at src/my_stack.cpp:348 function:[unit_test_stack()] called from src/my_stack.cpp:366 function:[unit_test_stack()]
Canary #1 = 7ffc1a04080e
Stack capacity: 4
Stack size    : 4

CalcSt hash = d348c26ab59b1c3f
Struct hash = d348c26ab59b1c3f

Stack->data [0x604000000058]
CalcBu hash = ff14bed75914cb5d
Buffer hash = ff14bed75914cb5d

data canary #1 = 6040deadbae6
{
   *[i] = 0 elem =  1 (1)
   *[i] = 1 elem =  2 (2)
   *[i] = 2 elem =  3 (3)
   *[i] = 3 elem =  4 (4)
}
data canary #2 = 6040deadbae6
Canary #2 = 7ffc1a04080e
[-----------------END STACK_DUMP-----------------]


[----------------BEGIN STACK_DUMP----------------]
Stack_t[0x7ffcc4a9b2b0] "my_stack" born at src/my_stack.cpp:348 function:[unit_test_stack()] called from src/my_stack.cpp:366 function:[unit_test_stack()]
Canary #1 = 7ffc1a04080e
Stack capacity: 4
Stack size    : 3

CalcSt hash = dea778f730344417
Struct hash = dea778f730344417

Stack->data [0x604000000058]
CalcBu hash = 8de36f5fdccf309d
Buffer hash = 8de36f5fdccf309d

data canary #1 = 6040deadbae6
{
   *[i] = 0 elem =  1 (1)
   *[i] = 1 elem =  2 (2)
   *[i] = 2 elem =  3 (3)
    [i] = 3 elem =  123456789 (75bcd15)
}
data canary #2 = 6040deadbae6
Canary #2 = 7ffc1a04080e
[-----------------END STACK_DUMP-----------------]


[----------------BEGIN STACK_DUMP----------------]
Stack_t[0x7ffcc4a9b2b0] "my_stack" born at src/my_stack.cpp:348 function:[unit_test_stack()] called from src/my_stack.cpp:366 function:[unit_test_stack()]
Canary #1 = 7ffc1a04080e
Stack capacity: 4
Stack size    : 2

CalcSt hash = ea063827c6492cd8
Struct hash = ea063827c6492cd8

Stack->data [0x604000000058]
CalcBu hash = b2c55bd81244cbe
Buffer hash = b2c55bd81244cbe

data canary #1 = 6040deadbae6
{
   *[i] = 0 elem =  1 (1)
   *[i] = 1 elem =  2 (2)
    [i] = 2 elem =  123456789 (75bcd15)
    [i] = 3 elem =  123456789 (75bcd15)
}
data canary #2 = 6040deadbae6
Canary #2 = 7ffc1a04080e
[-----------------END STACK_DUMP-----------------]


[----------------BEGIN STACK_DUMP----------------]
Stack_t[0x7ffcc4a9b2b0] "my_stack" born at src/my_stack.cpp:348 function:[unit_test_stack()] called from src/my_stack.cpp:190 function:[stack_realloc()]
Canary #1 = 7ffc1a04080e
Stack capacity: 1
Stack size    : 1

CalcSt hash = c7d36e5eef9d9d94
Struct hash = c7d36e5eef9d9d94

Stack->data [0x603000000078]
CalcBu hash = 102568ebf9e3f014
Buffer hash = 102568ebf9e3f014

data canary #1 = 6030deadbac6
{
   *[i] = 0 elem =  1 (1)
}
data canary #2 = 6030deadbac6
Canary #2 = 7ffc1a04080e
[-----------------END STACK_DUMP-----------------]


[----------------BEGIN STACK_DUMP----------------]
Stack_t[0x7ffcc4a9b2b0] "my_stack" born at src/my_stack.cpp:348 function:[unit_test_stack()] called from src/my_stack.cpp:366 function:[unit_test_stack()]
Canary #1 = 7ffc1a04080e
Stack capacity: 1
Stack size    : 1

CalcSt hash = c7d36e5eef9d9d94
Struct hash = c7d36e5eef9d9d94

Stack->data [0x603000000078]
CalcBu hash = 102568ebf9e3f014
Buffer hash = 102568ebf9e3f014

data canary #1 = 6030deadbac6
{
   *[i] = 0 elem =  1 (1)
}
data canary #2 = 6030deadbac6
Canary #2 = 7ffc1a04080e
[-----------------END STACK_DUMP-----------------]


[----------------BEGIN STACK_DUMP----------------]
Stack_t[0x7ffcc4a9b2b0] "my_stack" born at src/my_stack.cpp:348 function:[unit_test_stack()] called from src/my_stack.cpp:190 function:[stack_realloc()]
Canary #1 = 7ffc1a04080e
Stack capacity: 0
Stack size    : 0

CalcSt hash = 313be6ea902fc7a2
Struct hash = 313be6ea902fc7a2

Stack->data [0x602000000038]
CalcBu hash = 1bdc274e70144593
Buffer hash = 1bdc274e70144593

data canary #1 = 6020deadba86
{
}
data canary #2 = 6020deadba86
Canary #2 = 7ffc1a04080e
[-----------------END STACK_DUMP-----------------]


[----------------BEGIN STACK_DUMP----------------]
Stack_t[0x7ffcc4a9b2b0] "my_stack" born at src/my_stack.cpp:348 function:[unit_test_stack()] called from src/my_stack.cpp:366 function:[unit_test_stack()]
Canary #1 = 7ffc1a04080e
Stack capacity: 0
Stack size    : 0

CalcSt hash = 313be6ea902fc7a2
Struct hash = 313be6ea902fc7a2

Stack->data [0x602000000038]
CalcBu hash = 1bdc274e70144593
Buffer hash = 1bdc274e70144593

data canary #1 = 6020deadba86
{
}
data canary #2 = 6020deadba86
Canary #2 = 7ffc1a04080e
[-----------------END STACK_DUMP-----------------]


[----------------BEGIN STACK_DUMP----------------]
Stack_t[0x7ffcc4a9b2b0] "my_stack" born at src/my_stack.cpp:348 function:[unit_test_stack()] called from src/my_stack.cpp:369 function:[unit_test_stack()]
Canary #1 = 7ffc1a04080e
Stack capacity: 0
Stack size    : 0

CalcSt hash = 748ccb64c28b69ea
Struct hash = 313be6ea902fc7a2

Stack->data [(nil)]
Canary #2 = 7ffc1a04080e
[-----------------END STACK_DUMP-----------------]

